Arguments: 
  /Users/yamadayuuwataru/.nodebrew/node/v16.5.0/bin/node /usr/local/Cellar/yarn/1.22.19/libexec/bin/yarn.js add @prisma/crient --dev

PATH: 
  /Users/yamadayuuwataru/.nodebrew/current/bin:/Users/yamadayuuwataru/.rbenv/shims:/usr/local/opt/mysql@X.X/bin:/Applications/MAMP/bin/php/php7.4.9/bin:/usr/local/bin:/usr/bin:/bin:/usr/sbin:/sbin:/usr/local/go/bin:/Library/Apple/usr/bin:/Users/yamadayuuwataru/.rbenv/shims:/usr/local/opt/mysql@X.X/bin:/Applications/MAMP/bin/php/php7.4.9/bin:/Applications/MAMP/Library/bin:/Applications/MAMP/Library/bin

Yarn version: 
  1.22.19

Node version: 
  16.5.0

Platform: 
  darwin x64

Trace: 
  Error: https://registry.yarnpkg.com/@prisma%2fcrient: Not found
      at Request.params.callback [as _callback] (/usr/local/Cellar/yarn/1.22.19/libexec/lib/cli.js:66145:18)
      at Request.self.callback (/usr/local/Cellar/yarn/1.22.19/libexec/lib/cli.js:140890:22)
      at Request.emit (node:events:394:28)
      at Request.<anonymous> (/usr/local/Cellar/yarn/1.22.19/libexec/lib/cli.js:141862:10)
      at Request.emit (node:events:394:28)
      at IncomingMessage.<anonymous> (/usr/local/Cellar/yarn/1.22.19/libexec/lib/cli.js:141784:12)
      at Object.onceWrapper (node:events:513:28)
      at IncomingMessage.emit (node:events:406:35)
      at endReadableNT (node:internal/streams/readable:1331:12)
      at processTicksAndRejections (node:internal/process/task_queues:83:21)

npm manifest: 
  {
    "name": "prisma_practice",
    "version": "1.0.0",
    "main": "index.js",
    "license": "MIT",
    "devDependencies": {
      "prisma": "^4.11.0"
    }
  }

yarn manifest: 
  No manifest

Lockfile: 
  # THIS IS AN AUTOGENERATED FILE. DO NOT EDIT THIS FILE DIRECTLY.
  # yarn lockfile v1
  
  
  "@prisma/engines@4.11.0":
    version "4.11.0"
    resolved "https://registry.yarnpkg.com/@prisma/engines/-/engines-4.11.0.tgz#c99749bfe20f58e8f4d2b5e04fee0785eba440e1"
    integrity sha512-0AEBi2HXGV02cf6ASsBPhfsVIbVSDC9nbQed4iiY5eHttW9ZtMxHThuKZE1pnESbr8HRdgmFSa/Kn4OSNYuibg==
  
  prisma@^4.11.0:
    version "4.11.0"
    resolved "https://registry.yarnpkg.com/prisma/-/prisma-4.11.0.tgz#9695ba4129a43eab3e76b5f7a033c6c020377725"
    integrity sha512-4zZmBXssPUEiX+GeL0MUq/Yyie4ltiKmGu7jCJFnYMamNrrulTBc+D+QwAQSJ01tyzeGHlD13kOnqPwRipnlNw==
    dependencies:
      "@prisma/engines" "4.11.0"
